app3/app/build/intermediates/proguard-rules/debug/aapt_rules.txt
# view AndroidManifest.xml #generated:16
-keep class pl.dawidpianka.app3.MainActivity { <init>(...); }